Copyright 1986-2022 Xilinx, Inc. All Rights Reserved. Copyright 2022-2026 Advanced Micro Devices, Inc. All Rights Reserved.
---------------------------------------------------------------------------------------------------------------------------------------------
| Tool Version : Vivado v.2026.1 (lin64) Build 6511674 Tue Jun 16 11:01:26 MDT 2026
| Date         : Wed Jul  8 21:46:27 2026
| Host         : dtrung-lab running 64-bit Ubuntu 26.04 LTS
| Command      : report_timing_summary -delay_type min_max -file /home/dtrung/Desktop/i2c_project/reports/timing/synth_timing.rpt
| Design       : i2c_top
| Device       : 7a35ti-csg324
| Speed File   : -1L  PRODUCTION 1.23 2018-06-13
| Design State : Synthesized
---------------------------------------------------------------------------------------------------------------------------------------------

Timing Summary Report

------------------------------------------------------------------------------------------------
| Timer Settings
| --------------
------------------------------------------------------------------------------------------------

  Enable Multi Corner Analysis               :  Yes
  Enable Pessimism Removal                   :  Yes
  Pessimism Removal Resolution               :  Nearest Common Node
  Enable Input Delay Default Clock           :  No
  Enable Preset / Clear Arcs                 :  No
  Disable Flight Delays                      :  No
  Ignore I/O Paths                           :  No
  Timing Early Launch at Borrowing Latches   :  No
  Borrow Time for Max Delay Exceptions       :  Yes
  Merge Timing Exceptions                    :  Yes
  Inter-SLR Compensation                     :  Conservative

  Corner  Analyze    Analyze    
  Name    Max Paths  Min Paths  
  ------  ---------  ---------  
  Slow    Yes        Yes        
  Fast    Yes        Yes        


------------------------------------------------------------------------------------------------
| Report Methodology
| ------------------
------------------------------------------------------------------------------------------------

No report available as report_methodology has not been run prior. Run report_methodology on the current design for the summary of methodology violations.



check_timing report

Table of Contents
-----------------
1. checking no_clock (0)
2. checking constant_clock (0)
3. checking pulse_width_clock (0)
4. checking unconstrained_internal_endpoints (0)
5. checking no_input_delay (14)
6. checking no_output_delay (10)
7. checking multiple_clock (0)
8. checking generated_clocks (0)
9. checking loops (0)
10. checking partial_input_delay (0)
11. checking partial_output_delay (0)
12. checking latch_loops (0)

1. checking no_clock (0)
------------------------
 There are 0 register/latch pins with no clock.


2. checking constant_clock (0)
------------------------------
 There are 0 register/latch pins with constant_clock.


3. checking pulse_width_clock (0)
---------------------------------
 There are 0 register/latch pins which need pulse_width check


4. checking unconstrained_internal_endpoints (0)
------------------------------------------------
 There are 0 pins that are not constrained for maximum delay.

 There are 0 pins that are not constrained for maximum delay due to constant clock.


5. checking no_input_delay (14)
-------------------------------
 There are 13 input ports with no input delay specified. (HIGH)

 There is 1 input port with no input delay but user has a false path constraint. (MEDIUM)


6. checking no_output_delay (10)
--------------------------------
 There are 10 ports with no output delay specified. (HIGH)

 There are 0 ports with no output delay but user has a false path constraint

 There are 0 ports with no output delay but with a timing clock defined on it or propagating through it


7. checking multiple_clock (0)
------------------------------
 There are 0 register/latch pins with multiple clocks.


8. checking generated_clocks (0)
--------------------------------
 There are 0 generated clocks that are not connected to a clock source.


9. checking loops (0)
---------------------
 There are 0 combinational loops in the design.


10. checking partial_input_delay (0)
------------------------------------
 There are 0 input ports with partial input delay specified.


11. checking partial_output_delay (0)
-------------------------------------
 There are 0 ports with partial output delay specified.


12. checking latch_loops (0)
----------------------------
 There are 0 combinational latch loops in the design through latch input



------------------------------------------------------------------------------------------------
| Design Timing Summary
| ---------------------
------------------------------------------------------------------------------------------------

    WNS(ns)      TNS(ns)  TNS Failing Endpoints  TNS Total Endpoints      WHS(ns)      THS(ns)  THS Failing Endpoints  THS Total Endpoints     WPWS(ns)     TPWS(ns)  TPWS Failing Endpoints  TPWS Total Endpoints  
    -------      -------  ---------------------  -------------------      -------      -------  ---------------------  -------------------     --------     --------  ----------------------  --------------------  
     15.311        0.000                      0                   76        0.139        0.000                      0                   76        9.500        0.000                       0                    68  


All user specified timing constraints are met.


------------------------------------------------------------------------------------------------
| Clock Summary
| -------------
------------------------------------------------------------------------------------------------

Clock   Waveform(ns)       Period(ns)      Frequency(MHz)
-----   ------------       ----------      --------------
sysclk  {0.000 10.000}     20.000          50.000          


------------------------------------------------------------------------------------------------
| Intra Clock Table
| -----------------
------------------------------------------------------------------------------------------------

Clock             WNS(ns)      TNS(ns)  TNS Failing Endpoints  TNS Total Endpoints      WHS(ns)      THS(ns)  THS Failing Endpoints  THS Total Endpoints     WPWS(ns)     TPWS(ns)  TPWS Failing Endpoints  TPWS Total Endpoints  
-----             -------      -------  ---------------------  -------------------      -------      -------  ---------------------  -------------------     --------     --------  ----------------------  --------------------  
sysclk             15.311        0.000                      0                   76        0.139        0.000                      0                   76        9.500        0.000                       0                    68  


------------------------------------------------------------------------------------------------
| Inter Clock Table
| -----------------
------------------------------------------------------------------------------------------------

From Clock    To Clock          WNS(ns)      TNS(ns)  TNS Failing Endpoints  TNS Total Endpoints      WHS(ns)      THS(ns)  THS Failing Endpoints  THS Total Endpoints  
----------    --------          -------      -------  ---------------------  -------------------      -------      -------  ---------------------  -------------------  


------------------------------------------------------------------------------------------------
| Other Path Groups Table
| -----------------------
------------------------------------------------------------------------------------------------

Path Group    From Clock    To Clock          WNS(ns)      TNS(ns)  TNS Failing Endpoints  TNS Total Endpoints      WHS(ns)      THS(ns)  THS Failing Endpoints  THS Total Endpoints  
----------    ----------    --------          -------      -------  ---------------------  -------------------      -------      -------  ---------------------  -------------------  


------------------------------------------------------------------------------------------------
| Timing Details
| --------------
------------------------------------------------------------------------------------------------


---------------------------------------------------------------------------------------------------
From Clock:  sysclk
  To Clock:  sysclk

Setup :            0  Failing Endpoints,  Worst Slack       15.311ns,  Total Violation        0.000ns
Hold  :            0  Failing Endpoints,  Worst Slack        0.139ns,  Total Violation        0.000ns
PW    :            0  Failing Endpoints,  Worst Slack        9.500ns,  Total Violation        0.000ns
---------------------------------------------------------------------------------------------------


Max Delay Paths
--------------------------------------------------------------------------------------
Slack (MET) :             15.311ns  (required time - arrival time)
  Source:                 scl_gen/cnt_reg[7]/C
                            (rising edge-triggered cell FDCE clocked by sysclk  {rise@0.000ns fall@10.000ns period=20.000ns})
  Destination:            master/FSM_sequential_state_reg[0]/CE
                            (rising edge-triggered cell FDCE clocked by sysclk  {rise@0.000ns fall@10.000ns period=20.000ns})
  Path Group:             sysclk
  Path Type:              Setup (Max at Slow Process Corner)
  Requirement:            20.000ns  (sysclk rise@20.000ns - sysclk rise@0.000ns)
  Data Path Delay:        4.307ns  (logic 0.999ns (23.195%)  route 3.308ns (76.805%))
  Logic Levels:           3  (LUT4=1 LUT6=2)
  Clock Path Skew:        -0.145ns (DCD - SCD + CPR)
    Destination Clock Delay (DCD):    2.129ns = ( 22.129 - 20.000 ) 
    Source Clock Delay      (SCD):    2.453ns
    Clock Pessimism Removal (CPR):    0.179ns
  Clock Uncertainty:      0.035ns  ((TSJ^2 + TIJ^2)^1/2 + DJ) / 2 + PE
    Total System Jitter     (TSJ):    0.071ns
    Total Input Jitter      (TIJ):    0.000ns
    Discrete Jitter          (DJ):    0.000ns
    Phase Error              (PE):    0.000ns

    Location             Delay type                Incr(ns)  Path(ns)    Netlist Resource(s)
  -------------------------------------------------------------------    -------------------
                         (clock sysclk rise edge)     0.000     0.000 r  <hidden>
                                                      0.000     0.000 r  clk
                         net (fo=0)                   0.000     0.000    clk
                         IBUF (Prop_ibuf_I_O)         0.973     0.973 r  clk_IBUF_inst/O
                         net (fo=1, unplaced)         0.800     1.773    clk_IBUF
                         BUFG (Prop_bufg_I_O)         0.096     1.869 r  clk_IBUF_BUFG_inst/O
                         net (fo=67, unplaced)        0.584     2.453    scl_gen/CLK
                         FDCE                                         r  scl_gen/cnt_reg[7]/C
  -------------------------------------------------------------------    -------------------
                         FDCE (Prop_fdce_C_Q)         0.456     2.909 r  scl_gen/cnt_reg[7]/Q
                         net (fo=2, unplaced)         0.752     3.661    scl_gen/cnt_reg_n_0_[7]
                         LUT4 (Prop_lut4_I1_O)        0.295     3.956 f  scl_gen/FSM_sequential_state[3]_i_12/O
                         net (fo=11, unplaced)        1.157     5.113    master/FSM_sequential_state_reg[0]_1
                         LUT6 (Prop_lut6_I0_O)        0.124     5.237 r  master/FSM_sequential_state[3]_i_6/O
                         net (fo=1, unplaced)         0.902     6.139    master/FSM_sequential_state[3]_i_6_n_0
                         LUT6 (Prop_lut6_I2_O)        0.124     6.263 r  master/FSM_sequential_state[3]_i_1/O
                         net (fo=4, unplaced)         0.497     6.760    master/FSM_sequential_state[3]_i_1_n_0
                         FDCE                                         r  master/FSM_sequential_state_reg[0]/CE
  -------------------------------------------------------------------    -------------------

                         (clock sysclk rise edge)    20.000    20.000 r  <hidden>
                                                      0.000    20.000 r  clk
                         net (fo=0)                   0.000    20.000    clk
                         IBUF (Prop_ibuf_I_O)         0.840    20.840 r  clk_IBUF_inst/O
                         net (fo=1, unplaced)         0.760    21.599    clk_IBUF
                         BUFG (Prop_bufg_I_O)         0.091    21.690 r  clk_IBUF_BUFG_inst/O
                         net (fo=67, unplaced)        0.439    22.129    master/CLK
                         FDCE                                         r  master/FSM_sequential_state_reg[0]/C
                         clock pessimism              0.179    22.308    <hidden>
                         clock uncertainty           -0.035    22.273    <hidden>
                         FDCE (Setup_fdce_C_CE)      -0.202    22.071    master/FSM_sequential_state_reg[0]
  -------------------------------------------------------------------
                         required time                         22.071    <hidden>
                         arrival time                          -6.760    <hidden>
  -------------------------------------------------------------------
                         slack                                 15.311    <hidden>





Min Delay Paths
--------------------------------------------------------------------------------------
Slack (MET) :             0.139ns  (arrival time - required time)
  Source:                 regs/ack_err_sticky_reg/C
                            (rising edge-triggered cell FDCE clocked by sysclk  {rise@0.000ns fall@10.000ns period=20.000ns})
  Destination:            regs/ack_err_sticky_reg/D
                            (rising edge-triggered cell FDCE clocked by sysclk  {rise@0.000ns fall@10.000ns period=20.000ns})
  Path Group:             sysclk
  Path Type:              Hold (Min at Fast Process Corner)
  Requirement:            0.000ns  (sysclk rise@0.000ns - sysclk rise@0.000ns)
  Data Path Delay:        0.375ns  (logic 0.239ns (63.779%)  route 0.136ns (36.221%))
  Logic Levels:           1  (LUT6=1)
  Clock Path Skew:        0.145ns (DCD - SCD - CPR)
    Destination Clock Delay (DCD):    1.034ns
    Source Clock Delay      (SCD):    0.679ns
    Clock Pessimism Removal (CPR):    0.210ns

    Location             Delay type                Incr(ns)  Path(ns)    Netlist Resource(s)
  -------------------------------------------------------------------    -------------------
                         (clock sysclk rise edge)     0.000     0.000 r  <hidden>
                                                      0.000     0.000 r  clk
                         net (fo=0)                   0.000     0.000    clk
                         IBUF (Prop_ibuf_I_O)         0.202     0.202 r  clk_IBUF_inst/O
                         net (fo=1, unplaced)         0.337     0.539    clk_IBUF
                         BUFG (Prop_bufg_I_O)         0.026     0.565 r  clk_IBUF_BUFG_inst/O
                         net (fo=67, unplaced)        0.114     0.679    regs/CLK
                         FDCE                                         r  regs/ack_err_sticky_reg/C
  -------------------------------------------------------------------    -------------------
                         FDCE (Prop_fdce_C_Q)         0.141     0.820 r  regs/ack_err_sticky_reg/Q
                         net (fo=2, unplaced)         0.136     0.956    master/ack_err_sticky
                         LUT6 (Prop_lut6_I5_O)        0.098     1.054 r  master/ack_err_sticky_i_1/O
                         net (fo=1, unplaced)         0.000     1.054    regs/ack_err_sticky_reg_0
                         FDCE                                         r  regs/ack_err_sticky_reg/D
  -------------------------------------------------------------------    -------------------

                         (clock sysclk rise edge)     0.000     0.000 r  <hidden>
                                                      0.000     0.000 r  clk
                         net (fo=0)                   0.000     0.000    clk
                         IBUF (Prop_ibuf_I_O)         0.391     0.391 r  clk_IBUF_inst/O
                         net (fo=1, unplaced)         0.355     0.746    clk_IBUF
                         BUFG (Prop_bufg_I_O)         0.029     0.775 r  clk_IBUF_BUFG_inst/O
                         net (fo=67, unplaced)        0.259     1.034    regs/CLK
                         FDCE                                         r  regs/ack_err_sticky_reg/C
                         clock pessimism             -0.210     0.824    <hidden>
                         FDCE (Hold_fdce_C_D)         0.091     0.915    regs/ack_err_sticky_reg
  -------------------------------------------------------------------
                         required time                         -0.915    <hidden>
                         arrival time                           1.054    <hidden>
  -------------------------------------------------------------------
                         slack                                  0.139    <hidden>





Pulse Width Checks
--------------------------------------------------------------------------------------
Clock Name:         sysclk
Waveform(ns):       { 0.000 10.000 }
Period(ns):         20.000
Sources:            { clk }

Check Type        Corner  Lib Pin  Reference Pin  Required(ns)  Actual(ns)  Slack(ns)  Location  Pin
Min Period        n/a     BUFG/I   n/a            2.155         20.000      17.845               clk_IBUF_BUFG_inst/I
Low Pulse Width   Slow    FDCE/C   n/a            0.500         10.000      9.500                master/FSM_sequential_state_reg[0]/C
High Pulse Width  Slow    FDCE/C   n/a            0.500         10.000      9.500                master/FSM_sequential_state_reg[0]/C



